<?xml version="1.0" encoding="UTF-8"?>
<!-- Generated by org.testng.reporters.JUnitReportReporter -->
<testsuite hostname="Lalasa" failures="0" tests="1" name="testCases.TC001_AccountRegistrationTest" time="1.811" errors="0" timestamp="2025-07-09T13:17:18 IST" skipped="0">
  <testcase classname="testCases.TC001_AccountRegistrationTest" name="verify_account_registration" time="1.811"/>
</testsuite> <!-- testCases.TC001_AccountRegistrationTest -->
