<?xml version="1.0" encoding="UTF-8"?>
<!-- Generated by org.testng.reporters.JUnitReportReporter -->
<testsuite hostname="Lalasa" failures="0" tests="1" name="testCases.TC002_LoginTest" time="1.140" errors="0" timestamp="2025-07-09T13:17:18 IST" skipped="0">
  <testcase classname="testCases.TC002_LoginTest" name="verfiy_Login" time="1.140"/>
</testsuite> <!-- testCases.TC002_LoginTest -->
